2018-07-26-15-39 [main] [org.springframework.boot.test.context.SpringBootTestContextBootstrapper] [INFO] - Neither @ContextConfiguration nor @ContextHierarchy found for test class [com.uat.automation.testcase.analytics.common.HomePageTest], using SpringBootContextLoader
  2018-07-26-15-39 [main] [org.springframework.test.context.support.AbstractContextLoader] [INFO] - Could not detect default resource locations for test class [com.uat.automation.testcase.analytics.common.HomePageTest]: no resource found for suffixes {-context.xml, Context.groovy}.
  2018-07-26-15-39 [main] [org.springframework.test.context.support.AnnotationConfigContextLoaderUtils] [INFO] - Could not detect default configuration classes for test class [com.uat.automation.testcase.analytics.common.HomePageTest]: LoginTest does not declare any static, non-private, non-final, nested classes annotated with @Configuration.
  2018-07-26-15-39 [main] [org.springframework.boot.test.context.SpringBootTestContextBootstrapper] [INFO] - Found @SpringBootConfiguration com.uat.automation.AutomationApplication for test class com.uat.automation.testcase.analytics.common.HomePageTest
  2018-07-26-15-39 [main] [org.springframework.boot.test.context.SpringBootTestContextBootstrapper] [INFO] - Using TestExecutionListeners: [org.springframework.test.context.support.DirtiesContextBeforeModesTestExecutionListener@175c2241, org.springframework.test.context.support.DependencyInjectionTestExecutionListener@5bf0d49, org.springframework.test.context.support.DirtiesContextTestExecutionListener@5b7a5baa]
  2018-07-26-15-39 [main] [com.uat.automation.testcase.analytics.common.HomePageTest] [INFO] - Starting LoginTest on DESKTOP-94LVFNN with PID 9328 (F:\workspace\automation\target\test-classes started by pc in F:\workspace\automation)
  2018-07-26-15-39 [main] [com.uat.automation.testcase.analytics.common.HomePageTest] [INFO] - No active profile set, falling back to default profiles: default
  2018-07-26-15-39 [main] [org.springframework.context.annotation.AnnotationConfigApplicationContext] [INFO] - Refreshing org.springframework.context.annotation.AnnotationConfigApplicationContext@742ff096: startup date [Thu Jul 26 15:39:28 CST 2018]; root of context hierarchy
  2018-07-26-15-39 [main] [com.uat.automation.testcase.analytics.common.HomePageTest] [INFO] - Started LoginTest in 2.526 seconds (JVM running for 8.044)
  2018-07-26-15-39 [main] [com.uat.automation.testcase.TestBase] [INFO] - 初始化浏览器
  2018-07-26-15-39 [Thread-2] [org.springframework.context.annotation.AnnotationConfigApplicationContext] [INFO] - Closing org.springframework.context.annotation.AnnotationConfigApplicationContext@742ff096: startup date [Thu Jul 26 15:39:28 CST 2018]; root of context hierarchy
  2018-07-26-15-40 [main] [org.springframework.boot.test.context.SpringBootTestContextBootstrapper] [INFO] - Neither @ContextConfiguration nor @ContextHierarchy found for test class [com.uat.automation.testcase.analytics.common.HomePageTest], using SpringBootContextLoader
  2018-07-26-15-40 [main] [org.springframework.test.context.support.AbstractContextLoader] [INFO] - Could not detect default resource locations for test class [com.uat.automation.testcase.analytics.common.HomePageTest]: no resource found for suffixes {-context.xml, Context.groovy}.
  2018-07-26-15-40 [main] [org.springframework.test.context.support.AnnotationConfigContextLoaderUtils] [INFO] - Could not detect default configuration classes for test class [com.uat.automation.testcase.analytics.common.HomePageTest]: LoginTest does not declare any static, non-private, non-final, nested classes annotated with @Configuration.
  2018-07-26-15-40 [main] [org.springframework.boot.test.context.SpringBootTestContextBootstrapper] [INFO] - Found @SpringBootConfiguration com.uat.automation.AutomationApplication for test class com.uat.automation.testcase.analytics.common.HomePageTest
  2018-07-26-15-40 [main] [org.springframework.boot.test.context.SpringBootTestContextBootstrapper] [INFO] - Using TestExecutionListeners: [org.springframework.test.context.support.DirtiesContextBeforeModesTestExecutionListener@175c2241, org.springframework.test.context.support.DependencyInjectionTestExecutionListener@5bf0d49, org.springframework.test.context.support.DirtiesContextTestExecutionListener@5b7a5baa]
  2018-07-26-15-40 [main] [com.uat.automation.testcase.analytics.common.HomePageTest] [INFO] - Starting LoginTest on DESKTOP-94LVFNN with PID 9956 (F:\workspace\automation\target\test-classes started by pc in F:\workspace\automation)
  2018-07-26-15-40 [main] [com.uat.automation.testcase.analytics.common.HomePageTest] [INFO] - No active profile set, falling back to default profiles: default
  2018-07-26-15-40 [main] [org.springframework.context.annotation.AnnotationConfigApplicationContext] [INFO] - Refreshing org.springframework.context.annotation.AnnotationConfigApplicationContext@742ff096: startup date [Thu Jul 26 15:40:28 CST 2018]; root of context hierarchy
  2018-07-26-15-40 [main] [com.uat.automation.testcase.analytics.common.HomePageTest] [INFO] - Started LoginTest in 2.253 seconds (JVM running for 6.306)
  2018-07-26-15-40 [main] [com.uat.automation.testcase.TestBase] [INFO] - 初始化浏览器
  2018-07-26-15-40 [Thread-2] [org.springframework.context.annotation.AnnotationConfigApplicationContext] [INFO] - Closing org.springframework.context.annotation.AnnotationConfigApplicationContext@742ff096: startup date [Thu Jul 26 15:40:28 CST 2018]; root of context hierarchy
  2018-07-26-16-41 [main] [org.springframework.boot.test.context.SpringBootTestContextBootstrapper] [INFO] - Neither @ContextConfiguration nor @ContextHierarchy found for test class [com.uat.automation.testcase.analytics.common.HomePageTest], using SpringBootContextLoader
  2018-07-26-16-41 [main] [org.springframework.test.context.support.AbstractContextLoader] [INFO] - Could not detect default resource locations for test class [com.uat.automation.testcase.analytics.common.HomePageTest]: no resource found for suffixes {-context.xml, Context.groovy}.
  2018-07-26-16-41 [main] [org.springframework.test.context.support.AnnotationConfigContextLoaderUtils] [INFO] - Could not detect default configuration classes for test class [com.uat.automation.testcase.analytics.common.HomePageTest]: HomePageTest does not declare any static, non-private, non-final, nested classes annotated with @Configuration.
  2018-07-26-16-42 [main] [org.springframework.boot.test.context.SpringBootTestContextBootstrapper] [INFO] - Neither @ContextConfiguration nor @ContextHierarchy found for test class [com.uat.automation.testcase.analytics.common.HomePageTest], using SpringBootContextLoader
  2018-07-26-16-42 [main] [org.springframework.test.context.support.AbstractContextLoader] [INFO] - Could not detect default resource locations for test class [com.uat.automation.testcase.analytics.common.HomePageTest]: no resource found for suffixes {-context.xml, Context.groovy}.
  2018-07-26-16-42 [main] [org.springframework.test.context.support.AnnotationConfigContextLoaderUtils] [INFO] - Could not detect default configuration classes for test class [com.uat.automation.testcase.analytics.common.HomePageTest]: HomePageTest does not declare any static, non-private, non-final, nested classes annotated with @Configuration.
  2018-07-26-16-42 [main] [org.springframework.boot.test.context.SpringBootTestContextBootstrapper] [INFO] - Found @SpringBootConfiguration com.uat.automation.AutomationApplication for test class com.uat.automation.testcase.analytics.common.HomePageTest
  2018-07-26-16-42 [main] [org.springframework.boot.test.context.SpringBootTestContextBootstrapper] [INFO] - Using TestExecutionListeners: [org.springframework.test.context.support.DirtiesContextBeforeModesTestExecutionListener@3754a4bf, org.springframework.test.context.support.DependencyInjectionTestExecutionListener@62379589, org.springframework.test.context.support.DirtiesContextTestExecutionListener@4afcd809]
  2018-07-26-16-42 [main] [com.uat.automation.testcase.analytics.common.HomePageTest] [INFO] - Starting HomePageTest on DESKTOP-94LVFNN with PID 9720 (F:\workspace\automation\target\test-classes started by pc in F:\workspace\automation)
  2018-07-26-16-42 [main] [com.uat.automation.testcase.analytics.common.HomePageTest] [INFO] - No active profile set, falling back to default profiles: default
  2018-07-26-16-42 [main] [org.springframework.context.annotation.AnnotationConfigApplicationContext] [INFO] - Refreshing org.springframework.context.annotation.AnnotationConfigApplicationContext@75437611: startup date [Thu Jul 26 16:42:06 CST 2018]; root of context hierarchy
  2018-07-26-16-42 [main] [com.uat.automation.testcase.analytics.common.HomePageTest] [INFO] - Started HomePageTest in 2.421 seconds (JVM running for 6.139)
  2018-07-26-16-42 [main] [com.uat.automation.testcase.TestBase] [INFO] - 初始化浏览器
  2018-07-26-16-42 [main] [com.uat.automation.testcase.TestBase] [INFO] - 启动chrome浏览器
  2018-07-26-16-42 [Thread-2] [org.springframework.context.annotation.AnnotationConfigApplicationContext] [INFO] - Closing org.springframework.context.annotation.AnnotationConfigApplicationContext@75437611: startup date [Thu Jul 26 16:42:06 CST 2018]; root of context hierarchy
  2018-07-26-16-45 [main] [org.springframework.boot.test.context.SpringBootTestContextBootstrapper] [INFO] - Neither @ContextConfiguration nor @ContextHierarchy found for test class [com.uat.automation.testcase.analytics.common.HomePageTest], using SpringBootContextLoader
  2018-07-26-16-45 [main] [org.springframework.test.context.support.AbstractContextLoader] [INFO] - Could not detect default resource locations for test class [com.uat.automation.testcase.analytics.common.HomePageTest]: no resource found for suffixes {-context.xml, Context.groovy}.
  2018-07-26-16-45 [main] [org.springframework.test.context.support.AnnotationConfigContextLoaderUtils] [INFO] - Could not detect default configuration classes for test class [com.uat.automation.testcase.analytics.common.HomePageTest]: HomePageTest does not declare any static, non-private, non-final, nested classes annotated with @Configuration.
  2018-07-26-16-45 [main] [org.springframework.boot.test.context.SpringBootTestContextBootstrapper] [INFO] - Found @SpringBootConfiguration com.uat.automation.AutomationApplication for test class com.uat.automation.testcase.analytics.common.HomePageTest
  2018-07-26-16-45 [main] [org.springframework.boot.test.context.SpringBootTestContextBootstrapper] [INFO] - Using TestExecutionListeners: [org.springframework.test.context.support.DirtiesContextBeforeModesTestExecutionListener@5bf0d49, org.springframework.test.context.support.DependencyInjectionTestExecutionListener@5b7a5baa, org.springframework.test.context.support.DirtiesContextTestExecutionListener@776aec5c]
  2018-07-26-16-45 [main] [com.uat.automation.testcase.analytics.common.HomePageTest] [INFO] - Starting HomePageTest on DESKTOP-94LVFNN with PID 10712 (F:\workspace\automation\target\test-classes started by pc in F:\workspace\automation)
  2018-07-26-16-45 [main] [com.uat.automation.testcase.analytics.common.HomePageTest] [INFO] - No active profile set, falling back to default profiles: default
  2018-07-26-16-45 [main] [org.springframework.context.annotation.AnnotationConfigApplicationContext] [INFO] - Refreshing org.springframework.context.annotation.AnnotationConfigApplicationContext@75437611: startup date [Thu Jul 26 16:45:07 CST 2018]; root of context hierarchy
  2018-07-26-16-45 [main] [com.uat.automation.testcase.analytics.common.HomePageTest] [INFO] - Started HomePageTest in 2.504 seconds (JVM running for 6.202)
  2018-07-26-16-45 [Thread-2] [org.springframework.context.annotation.AnnotationConfigApplicationContext] [INFO] - Closing org.springframework.context.annotation.AnnotationConfigApplicationContext@75437611: startup date [Thu Jul 26 16:45:07 CST 2018]; root of context hierarchy
  2018-07-26-16-45 [main] [org.springframework.boot.test.context.SpringBootTestContextBootstrapper] [INFO] - Neither @ContextConfiguration nor @ContextHierarchy found for test class [com.uat.automation.testcase.analytics.common.HomePageTest], using SpringBootContextLoader
  2018-07-26-16-45 [main] [org.springframework.test.context.support.AbstractContextLoader] [INFO] - Could not detect default resource locations for test class [com.uat.automation.testcase.analytics.common.HomePageTest]: no resource found for suffixes {-context.xml, Context.groovy}.
  2018-07-26-16-45 [main] [org.springframework.test.context.support.AnnotationConfigContextLoaderUtils] [INFO] - Could not detect default configuration classes for test class [com.uat.automation.testcase.analytics.common.HomePageTest]: HomePageTest does not declare any static, non-private, non-final, nested classes annotated with @Configuration.
  2018-07-26-16-45 [main] [org.springframework.boot.test.context.SpringBootTestContextBootstrapper] [INFO] - Found @SpringBootConfiguration com.uat.automation.AutomationApplication for test class com.uat.automation.testcase.analytics.common.HomePageTest
  2018-07-26-16-45 [main] [org.springframework.boot.test.context.SpringBootTestContextBootstrapper] [INFO] - Using TestExecutionListeners: [org.springframework.test.context.support.DirtiesContextBeforeModesTestExecutionListener@50d13246, org.springframework.test.context.support.DependencyInjectionTestExecutionListener@2bd08376, org.springframework.test.context.support.DirtiesContextTestExecutionListener@e70f13a]
  2018-07-26-16-45 [main] [com.uat.automation.testcase.analytics.common.HomePageTest] [INFO] - Starting HomePageTest on DESKTOP-94LVFNN with PID 2968 (F:\workspace\automation\target\test-classes started by pc in F:\workspace\automation)
  2018-07-26-16-45 [main] [com.uat.automation.testcase.analytics.common.HomePageTest] [INFO] - No active profile set, falling back to default profiles: default
  2018-07-26-16-45 [main] [org.springframework.context.annotation.AnnotationConfigApplicationContext] [INFO] - Refreshing org.springframework.context.annotation.AnnotationConfigApplicationContext@165b2f7f: startup date [Thu Jul 26 16:45:37 CST 2018]; root of context hierarchy
  2018-07-26-16-45 [main] [com.uat.automation.testcase.analytics.common.HomePageTest] [INFO] - Started HomePageTest in 2.756 seconds (JVM running for 7.797)
  2018-07-26-16-45 [Thread-2] [org.springframework.context.annotation.AnnotationConfigApplicationContext] [INFO] - Closing org.springframework.context.annotation.AnnotationConfigApplicationContext@165b2f7f: startup date [Thu Jul 26 16:45:37 CST 2018]; root of context hierarchy
  2018-07-26-16-46 [main] [org.springframework.boot.test.context.SpringBootTestContextBootstrapper] [INFO] - Neither @ContextConfiguration nor @ContextHierarchy found for test class [com.uat.automation.testcase.analytics.common.HomePageTest], using SpringBootContextLoader
  2018-07-26-16-46 [main] [org.springframework.test.context.support.AbstractContextLoader] [INFO] - Could not detect default resource locations for test class [com.uat.automation.testcase.analytics.common.HomePageTest]: no resource found for suffixes {-context.xml, Context.groovy}.
  2018-07-26-16-46 [main] [org.springframework.test.context.support.AnnotationConfigContextLoaderUtils] [INFO] - Could not detect default configuration classes for test class [com.uat.automation.testcase.analytics.common.HomePageTest]: HomePageTest does not declare any static, non-private, non-final, nested classes annotated with @Configuration.
  2018-07-26-16-46 [main] [org.springframework.boot.test.context.SpringBootTestContextBootstrapper] [INFO] - Found @SpringBootConfiguration com.uat.automation.AutomationApplication for test class com.uat.automation.testcase.analytics.common.HomePageTest
  2018-07-26-16-46 [main] [org.springframework.boot.test.context.SpringBootTestContextBootstrapper] [INFO] - Using TestExecutionListeners: [org.springframework.test.context.support.DirtiesContextBeforeModesTestExecutionListener@3754a4bf, org.springframework.test.context.support.DependencyInjectionTestExecutionListener@62379589, org.springframework.test.context.support.DirtiesContextTestExecutionListener@4afcd809]
  2018-07-26-16-46 [main] [com.uat.automation.testcase.analytics.common.HomePageTest] [INFO] - Starting HomePageTest on DESKTOP-94LVFNN with PID 11640 (F:\workspace\automation\target\test-classes started by pc in F:\workspace\automation)
  2018-07-26-16-46 [main] [com.uat.automation.testcase.analytics.common.HomePageTest] [INFO] - No active profile set, falling back to default profiles: default
  2018-07-26-16-46 [main] [org.springframework.context.annotation.AnnotationConfigApplicationContext] [INFO] - Refreshing org.springframework.context.annotation.AnnotationConfigApplicationContext@75437611: startup date [Thu Jul 26 16:46:10 CST 2018]; root of context hierarchy
  2018-07-26-16-46 [main] [com.uat.automation.testcase.analytics.common.HomePageTest] [INFO] - Started HomePageTest in 2.182 seconds (JVM running for 5.787)
  2018-07-26-16-46 [main] [com.uat.automation.testcase.TestBase] [INFO] - 初始化浏览器
  2018-07-26-16-46 [main] [com.uat.automation.testcase.TestBase] [INFO] - 启动chrome浏览器
  2018-07-26-16-46 [Thread-2] [org.springframework.context.annotation.AnnotationConfigApplicationContext] [INFO] - Closing org.springframework.context.annotation.AnnotationConfigApplicationContext@75437611: startup date [Thu Jul 26 16:46:10 CST 2018]; root of context hierarchy
  2018-07-26-16-47 [main] [org.springframework.boot.test.context.SpringBootTestContextBootstrapper] [INFO] - Neither @ContextConfiguration nor @ContextHierarchy found for test class [com.uat.automation.testcase.analytics.common.HomePageTest], using SpringBootContextLoader
  2018-07-26-16-47 [main] [org.springframework.test.context.support.AbstractContextLoader] [INFO] - Could not detect default resource locations for test class [com.uat.automation.testcase.analytics.common.HomePageTest]: no resource found for suffixes {-context.xml, Context.groovy}.
  2018-07-26-16-47 [main] [org.springframework.test.context.support.AnnotationConfigContextLoaderUtils] [INFO] - Could not detect default configuration classes for test class [com.uat.automation.testcase.analytics.common.HomePageTest]: HomePageTest does not declare any static, non-private, non-final, nested classes annotated with @Configuration.
  2018-07-26-16-47 [main] [org.springframework.boot.test.context.SpringBootTestContextBootstrapper] [INFO] - Found @SpringBootConfiguration com.uat.automation.AutomationApplication for test class com.uat.automation.testcase.analytics.common.HomePageTest
  2018-07-26-16-47 [main] [org.springframework.boot.test.context.SpringBootTestContextBootstrapper] [INFO] - Using TestExecutionListeners: [org.springframework.test.context.support.DirtiesContextBeforeModesTestExecutionListener@3754a4bf, org.springframework.test.context.support.DependencyInjectionTestExecutionListener@62379589, org.springframework.test.context.support.DirtiesContextTestExecutionListener@4afcd809]
  2018-07-26-16-47 [main] [com.uat.automation.testcase.analytics.common.HomePageTest] [INFO] - Starting HomePageTest on DESKTOP-94LVFNN with PID 8956 (F:\workspace\automation\target\test-classes started by pc in F:\workspace\automation)
  2018-07-26-16-47 [main] [com.uat.automation.testcase.analytics.common.HomePageTest] [INFO] - No active profile set, falling back to default profiles: default
  2018-07-26-16-47 [main] [org.springframework.context.annotation.AnnotationConfigApplicationContext] [INFO] - Refreshing org.springframework.context.annotation.AnnotationConfigApplicationContext@75437611: startup date [Thu Jul 26 16:47:02 CST 2018]; root of context hierarchy
  2018-07-26-16-47 [main] [com.uat.automation.testcase.analytics.common.HomePageTest] [INFO] - Started HomePageTest in 2.281 seconds (JVM running for 5.474)
  2018-07-26-16-47 [main] [com.uat.automation.testcase.TestBase] [INFO] - 初始化浏览器
  2018-07-26-16-47 [main] [com.uat.automation.testcase.TestBase] [INFO] - 启动chrome浏览器
  2018-07-26-16-47 [Thread-2] [org.springframework.context.annotation.AnnotationConfigApplicationContext] [INFO] - Closing org.springframework.context.annotation.AnnotationConfigApplicationContext@75437611: startup date [Thu Jul 26 16:47:02 CST 2018]; root of context hierarchy
  2018-07-26-17-03 [main] [org.springframework.boot.test.context.SpringBootTestContextBootstrapper] [INFO] - Neither @ContextConfiguration nor @ContextHierarchy found for test class [com.uat.automation.testcase.analytics.common.HomePageTest], using SpringBootContextLoader
  2018-07-26-17-03 [main] [org.springframework.test.context.support.AbstractContextLoader] [INFO] - Could not detect default resource locations for test class [com.uat.automation.testcase.analytics.common.HomePageTest]: no resource found for suffixes {-context.xml, Context.groovy}.
  2018-07-26-17-03 [main] [org.springframework.test.context.support.AnnotationConfigContextLoaderUtils] [INFO] - Could not detect default configuration classes for test class [com.uat.automation.testcase.analytics.common.HomePageTest]: HomePageTest does not declare any static, non-private, non-final, nested classes annotated with @Configuration.
  2018-07-26-17-03 [main] [org.springframework.boot.test.context.SpringBootTestContextBootstrapper] [INFO] - Found @SpringBootConfiguration com.uat.automation.AutomationApplication for test class com.uat.automation.testcase.analytics.common.HomePageTest
  2018-07-26-17-03 [main] [org.springframework.boot.test.context.SpringBootTestContextBootstrapper] [INFO] - Using TestExecutionListeners: [org.springframework.test.context.support.DirtiesContextBeforeModesTestExecutionListener@5bf0d49, org.springframework.test.context.support.DependencyInjectionTestExecutionListener@5b7a5baa, org.springframework.test.context.support.DirtiesContextTestExecutionListener@776aec5c]
  2018-07-26-17-03 [main] [com.uat.automation.testcase.analytics.common.HomePageTest] [INFO] - Starting HomePageTest on DESKTOP-94LVFNN with PID 7248 (F:\workspace\automation\target\test-classes started by pc in F:\workspace\automation)
  2018-07-26-17-03 [main] [com.uat.automation.testcase.analytics.common.HomePageTest] [INFO] - No active profile set, falling back to default profiles: default
  2018-07-26-17-03 [main] [org.springframework.context.annotation.AnnotationConfigApplicationContext] [INFO] - Refreshing org.springframework.context.annotation.AnnotationConfigApplicationContext@75437611: startup date [Thu Jul 26 17:03:25 CST 2018]; root of context hierarchy
  2018-07-26-17-03 [main] [com.uat.automation.testcase.analytics.common.HomePageTest] [INFO] - Started HomePageTest in 2.755 seconds (JVM running for 6.06)
  2018-07-26-17-03 [main] [com.uat.automation.testcase.TestBase] [INFO] - 初始化浏览器
  2018-07-26-17-03 [main] [com.uat.automation.testcase.TestBase] [INFO] - 启动chrome浏览器
  2018-07-26-17-04 [Thread-2] [org.springframework.context.annotation.AnnotationConfigApplicationContext] [INFO] - Closing org.springframework.context.annotation.AnnotationConfigApplicationContext@75437611: startup date [Thu Jul 26 17:03:25 CST 2018]; root of context hierarchy
  2018-07-26-17-22 [main] [org.springframework.boot.test.context.SpringBootTestContextBootstrapper] [INFO] - Neither @ContextConfiguration nor @ContextHierarchy found for test class [com.uat.automation.testcase.analytics.common.HomePageTest], using SpringBootContextLoader
  2018-07-26-17-22 [main] [org.springframework.test.context.support.AbstractContextLoader] [INFO] - Could not detect default resource locations for test class [com.uat.automation.testcase.analytics.common.HomePageTest]: no resource found for suffixes {-context.xml, Context.groovy}.
  2018-07-26-17-22 [main] [org.springframework.test.context.support.AnnotationConfigContextLoaderUtils] [INFO] - Could not detect default configuration classes for test class [com.uat.automation.testcase.analytics.common.HomePageTest]: HomePageTest does not declare any static, non-private, non-final, nested classes annotated with @Configuration.
  2018-07-26-17-22 [main] [org.springframework.boot.test.context.SpringBootTestContextBootstrapper] [INFO] - Found @SpringBootConfiguration com.uat.automation.AutomationApplication for test class com.uat.automation.testcase.analytics.common.HomePageTest
  2018-07-26-17-22 [main] [org.springframework.boot.test.context.SpringBootTestContextBootstrapper] [INFO] - Using TestExecutionListeners: [org.springframework.test.context.support.DirtiesContextBeforeModesTestExecutionListener@62379589, org.springframework.test.context.support.DependencyInjectionTestExecutionListener@4afcd809, org.springframework.test.context.support.DirtiesContextTestExecutionListener@175c2241]
  2018-07-26-17-22 [main] [com.uat.automation.testcase.analytics.common.HomePageTest] [INFO] - Starting HomePageTest on DESKTOP-94LVFNN with PID 3964 (F:\workspace\automation\target\test-classes started by pc in F:\workspace\automation)
  2018-07-26-17-22 [main] [com.uat.automation.testcase.analytics.common.HomePageTest] [INFO] - No active profile set, falling back to default profiles: default
  2018-07-26-17-22 [main] [org.springframework.context.annotation.AnnotationConfigApplicationContext] [INFO] - Refreshing org.springframework.context.annotation.AnnotationConfigApplicationContext@350aac89: startup date [Thu Jul 26 17:22:29 CST 2018]; root of context hierarchy
  2018-07-26-17-22 [main] [com.uat.automation.testcase.analytics.common.HomePageTest] [INFO] - Started HomePageTest in 2.107 seconds (JVM running for 5.449)
  2018-07-26-17-22 [main] [com.uat.automation.testcase.TestBase] [INFO] - 初始化浏览器
  2018-07-26-17-22 [main] [com.uat.automation.testcase.TestBase] [INFO] - 启动chrome浏览器
  2018-07-26-17-23 [Thread-2] [org.springframework.context.annotation.AnnotationConfigApplicationContext] [INFO] - Closing org.springframework.context.annotation.AnnotationConfigApplicationContext@350aac89: startup date [Thu Jul 26 17:22:29 CST 2018]; root of context hierarchy
  2018-07-26-17-34 [main] [org.springframework.boot.test.context.SpringBootTestContextBootstrapper] [INFO] - Neither @ContextConfiguration nor @ContextHierarchy found for test class [com.uat.automation.testcase.analytics.common.HomePageTest], using SpringBootContextLoader
  2018-07-26-17-34 [main] [org.springframework.test.context.support.AbstractContextLoader] [INFO] - Could not detect default resource locations for test class [com.uat.automation.testcase.analytics.common.HomePageTest]: no resource found for suffixes {-context.xml, Context.groovy}.
  2018-07-26-17-34 [main] [org.springframework.test.context.support.AnnotationConfigContextLoaderUtils] [INFO] - Could not detect default configuration classes for test class [com.uat.automation.testcase.analytics.common.HomePageTest]: HomePageTest does not declare any static, non-private, non-final, nested classes annotated with @Configuration.
  2018-07-26-17-34 [main] [org.springframework.boot.test.context.SpringBootTestContextBootstrapper] [INFO] - Found @SpringBootConfiguration com.uat.automation.AutomationApplication for test class com.uat.automation.testcase.analytics.common.HomePageTest
  2018-07-26-17-34 [main] [org.springframework.boot.test.context.SpringBootTestContextBootstrapper] [INFO] - Using TestExecutionListeners: [org.springframework.test.context.support.DirtiesContextBeforeModesTestExecutionListener@62379589, org.springframework.test.context.support.DependencyInjectionTestExecutionListener@4afcd809, org.springframework.test.context.support.DirtiesContextTestExecutionListener@175c2241]
  2018-07-26-17-34 [main] [com.uat.automation.testcase.analytics.common.HomePageTest] [INFO] - Starting HomePageTest on DESKTOP-94LVFNN with PID 12104 (F:\workspace\automation\target\test-classes started by pc in F:\workspace\automation)
  2018-07-26-17-34 [main] [com.uat.automation.testcase.analytics.common.HomePageTest] [INFO] - No active profile set, falling back to default profiles: default
  2018-07-26-17-34 [main] [org.springframework.context.annotation.AnnotationConfigApplicationContext] [INFO] - Refreshing org.springframework.context.annotation.AnnotationConfigApplicationContext@350aac89: startup date [Thu Jul 26 17:34:21 CST 2018]; root of context hierarchy
  2018-07-26-17-34 [main] [com.uat.automation.testcase.analytics.common.HomePageTest] [INFO] - Started HomePageTest in 2.146 seconds (JVM running for 5.833)
  2018-07-26-17-34 [main] [com.uat.automation.testcase.TestBase] [INFO] - 初始化浏览器
  2018-07-26-17-34 [main] [com.uat.automation.testcase.TestBase] [INFO] - 启动chrome浏览器
  2018-07-26-17-35 [main] [com.uat.automation.business.LoginBusiness] [INFO] - wangqiang@google.com,welcome to PatSnap
  2018-07-26-17-35 [main] [com.uat.automation.business.HomeBusiness] [INFO] - click learn video
  2018-07-26-17-35 [main] [com.uat.automation.business.HomeBusiness] [INFO] - search patent by pn：US5686838
  2018-07-26-17-35 [Thread-2] [org.springframework.context.annotation.AnnotationConfigApplicationContext] [INFO] - Closing org.springframework.context.annotation.AnnotationConfigApplicationContext@350aac89: startup date [Thu Jul 26 17:34:21 CST 2018]; root of context hierarchy
  2018-07-26-17-37 [main] [org.springframework.boot.test.context.SpringBootTestContextBootstrapper] [INFO] - Neither @ContextConfiguration nor @ContextHierarchy found for test class [com.uat.automation.testcase.analytics.common.HomePageTest], using SpringBootContextLoader
  2018-07-26-17-37 [main] [org.springframework.test.context.support.AbstractContextLoader] [INFO] - Could not detect default resource locations for test class [com.uat.automation.testcase.analytics.common.HomePageTest]: no resource found for suffixes {-context.xml, Context.groovy}.
  2018-07-26-17-37 [main] [org.springframework.test.context.support.AnnotationConfigContextLoaderUtils] [INFO] - Could not detect default configuration classes for test class [com.uat.automation.testcase.analytics.common.HomePageTest]: HomePageTest does not declare any static, non-private, non-final, nested classes annotated with @Configuration.
  2018-07-26-17-37 [main] [org.springframework.boot.test.context.SpringBootTestContextBootstrapper] [INFO] - Found @SpringBootConfiguration com.uat.automation.AutomationApplication for test class com.uat.automation.testcase.analytics.common.HomePageTest
  2018-07-26-17-37 [main] [org.springframework.boot.test.context.SpringBootTestContextBootstrapper] [INFO] - Using TestExecutionListeners: [org.springframework.test.context.support.DirtiesContextBeforeModesTestExecutionListener@62379589, org.springframework.test.context.support.DependencyInjectionTestExecutionListener@4afcd809, org.springframework.test.context.support.DirtiesContextTestExecutionListener@175c2241]
  2018-07-26-17-37 [main] [com.uat.automation.testcase.analytics.common.HomePageTest] [INFO] - Starting HomePageTest on DESKTOP-94LVFNN with PID 12904 (F:\workspace\automation\target\test-classes started by pc in F:\workspace\automation)
  2018-07-26-17-37 [main] [com.uat.automation.testcase.analytics.common.HomePageTest] [INFO] - No active profile set, falling back to default profiles: default
  2018-07-26-17-37 [main] [org.springframework.context.annotation.AnnotationConfigApplicationContext] [INFO] - Refreshing org.springframework.context.annotation.AnnotationConfigApplicationContext@350aac89: startup date [Thu Jul 26 17:37:47 CST 2018]; root of context hierarchy
  2018-07-26-17-37 [main] [com.uat.automation.testcase.analytics.common.HomePageTest] [INFO] - Started HomePageTest in 2.3 seconds (JVM running for 5.326)
  2018-07-26-17-37 [main] [com.uat.automation.testcase.TestBase] [INFO] - 初始化浏览器
  2018-07-26-17-37 [main] [com.uat.automation.testcase.TestBase] [INFO] - 启动chrome浏览器
  2018-07-26-17-38 [main] [com.uat.automation.business.LoginBusiness] [INFO] - wangqiang@google.com,welcome to PatSnap
  2018-07-26-17-38 [main] [com.uat.automation.business.HomeBusiness] [INFO] - search patent by pn：US5686838
  2018-07-26-17-38 [main] [com.uat.automation.business.HomeBusiness] [INFO] - click learn video
  2018-07-26-17-38 [Thread-2] [org.springframework.context.annotation.AnnotationConfigApplicationContext] [INFO] - Closing org.springframework.context.annotation.AnnotationConfigApplicationContext@350aac89: startup date [Thu Jul 26 17:37:47 CST 2018]; root of context hierarchy
  2018-07-26-17-50 [main] [org.springframework.boot.test.context.SpringBootTestContextBootstrapper] [INFO] - Neither @ContextConfiguration nor @ContextHierarchy found for test class [com.uat.automation.testcase.analytics.common.HomePageTest], using SpringBootContextLoader
  2018-07-26-17-50 [main] [org.springframework.test.context.support.AbstractContextLoader] [INFO] - Could not detect default resource locations for test class [com.uat.automation.testcase.analytics.common.HomePageTest]: no resource found for suffixes {-context.xml, Context.groovy}.
  2018-07-26-17-50 [main] [org.springframework.test.context.support.AnnotationConfigContextLoaderUtils] [INFO] - Could not detect default configuration classes for test class [com.uat.automation.testcase.analytics.common.HomePageTest]: HomePageTest does not declare any static, non-private, non-final, nested classes annotated with @Configuration.
  2018-07-26-17-50 [main] [org.springframework.boot.test.context.SpringBootTestContextBootstrapper] [INFO] - Found @SpringBootConfiguration com.uat.automation.AutomationApplication for test class com.uat.automation.testcase.analytics.common.HomePageTest
  2018-07-26-17-50 [main] [org.springframework.boot.test.context.SpringBootTestContextBootstrapper] [INFO] - Using TestExecutionListeners: [org.springframework.test.context.support.DirtiesContextBeforeModesTestExecutionListener@62379589, org.springframework.test.context.support.DependencyInjectionTestExecutionListener@4afcd809, org.springframework.test.context.support.DirtiesContextTestExecutionListener@175c2241]
  2018-07-26-17-50 [main] [com.uat.automation.testcase.analytics.common.HomePageTest] [INFO] - Starting HomePageTest on DESKTOP-94LVFNN with PID 5724 (F:\workspace\automation\target\test-classes started by pc in F:\workspace\automation)
  2018-07-26-17-50 [main] [com.uat.automation.testcase.analytics.common.HomePageTest] [INFO] - No active profile set, falling back to default profiles: default
  2018-07-26-17-50 [main] [org.springframework.context.annotation.AnnotationConfigApplicationContext] [INFO] - Refreshing org.springframework.context.annotation.AnnotationConfigApplicationContext@350aac89: startup date [Thu Jul 26 17:50:22 CST 2018]; root of context hierarchy
  2018-07-26-17-50 [main] [com.uat.automation.testcase.analytics.common.HomePageTest] [INFO] - Started HomePageTest in 2.378 seconds (JVM running for 6.267)
  2018-07-26-17-50 [main] [com.uat.automation.testcase.TestBase] [INFO] - 初始化浏览器
  2018-07-26-17-50 [main] [com.uat.automation.testcase.TestBase] [INFO] - 启动chrome浏览器
  2018-07-26-17-50 [main] [com.uat.automation.business.LoginBusiness] [INFO] - wangqiang@google.com,welcome to PatSnap
  2018-07-26-17-50 [main] [com.uat.automation.business.HomeBusiness] [INFO] - click learn video
  2018-07-26-17-50 [main] [com.uat.automation.business.HomeBusiness] [INFO] - search patent by pn：US5686838
  2018-07-26-17-50 [Thread-2] [org.springframework.context.annotation.AnnotationConfigApplicationContext] [INFO] - Closing org.springframework.context.annotation.AnnotationConfigApplicationContext@350aac89: startup date [Thu Jul 26 17:50:22 CST 2018]; root of context hierarchy
  2018-07-26-17-51 [main] [org.springframework.boot.test.context.SpringBootTestContextBootstrapper] [INFO] - Neither @ContextConfiguration nor @ContextHierarchy found for test class [com.uat.automation.testcase.analytics.common.HomePageTest], using SpringBootContextLoader
  2018-07-26-17-51 [main] [org.springframework.test.context.support.AbstractContextLoader] [INFO] - Could not detect default resource locations for test class [com.uat.automation.testcase.analytics.common.HomePageTest]: no resource found for suffixes {-context.xml, Context.groovy}.
  2018-07-26-17-51 [main] [org.springframework.test.context.support.AnnotationConfigContextLoaderUtils] [INFO] - Could not detect default configuration classes for test class [com.uat.automation.testcase.analytics.common.HomePageTest]: HomePageTest does not declare any static, non-private, non-final, nested classes annotated with @Configuration.
  2018-07-26-17-51 [main] [org.springframework.boot.test.context.SpringBootTestContextBootstrapper] [INFO] - Found @SpringBootConfiguration com.uat.automation.AutomationApplication for test class com.uat.automation.testcase.analytics.common.HomePageTest
  2018-07-26-17-51 [main] [org.springframework.boot.test.context.SpringBootTestContextBootstrapper] [INFO] - Using TestExecutionListeners: [org.springframework.test.context.support.DirtiesContextBeforeModesTestExecutionListener@45312be2, org.springframework.test.context.support.DependencyInjectionTestExecutionListener@7fb95505, org.springframework.test.context.support.DirtiesContextTestExecutionListener@58be6e8]
  2018-07-26-17-51 [main] [com.uat.automation.testcase.analytics.common.HomePageTest] [INFO] - Starting HomePageTest on DESKTOP-94LVFNN with PID 12596 (F:\workspace\automation\target\test-classes started by pc in F:\workspace\automation)
  2018-07-26-17-51 [main] [com.uat.automation.testcase.analytics.common.HomePageTest] [INFO] - No active profile set, falling back to default profiles: default
  2018-07-26-17-51 [main] [org.springframework.context.annotation.AnnotationConfigApplicationContext] [INFO] - Refreshing org.springframework.context.annotation.AnnotationConfigApplicationContext@277f7dd3: startup date [Thu Jul 26 17:51:42 CST 2018]; root of context hierarchy
  2018-07-26-17-51 [main] [com.uat.automation.testcase.analytics.common.HomePageTest] [INFO] - Started HomePageTest in 2.914 seconds (JVM running for 8.726)
  2018-07-26-17-51 [main] [com.uat.automation.testcase.TestBase] [INFO] - 初始化浏览器
  2018-07-26-17-51 [main] [com.uat.automation.testcase.TestBase] [INFO] - 启动chrome浏览器
  2018-07-26-17-51 [main] [com.uat.automation.business.LoginBusiness] [INFO] - wangqiang@google.com,welcome to PatSnap
  2018-07-26-17-51 [main] [com.uat.automation.business.HomeBusiness] [INFO] - click learn video
  2018-07-26-17-52 [main] [com.uat.automation.business.HomeBusiness] [INFO] - search patent by pn：US5686838
  2018-07-26-17-52 [Thread-2] [org.springframework.context.annotation.AnnotationConfigApplicationContext] [INFO] - Closing org.springframework.context.annotation.AnnotationConfigApplicationContext@277f7dd3: startup date [Thu Jul 26 17:51:42 CST 2018]; root of context hierarchy
  2018-07-26-18-45 [main] [org.springframework.boot.test.context.SpringBootTestContextBootstrapper] [INFO] - Neither @ContextConfiguration nor @ContextHierarchy found for test class [com.uat.automation.testcase.analytics.common.HomePageTest], using SpringBootContextLoader
  2018-07-26-18-45 [main] [org.springframework.test.context.support.AbstractContextLoader] [INFO] - Could not detect default resource locations for test class [com.uat.automation.testcase.analytics.common.HomePageTest]: no resource found for suffixes {-context.xml, Context.groovy}.
  2018-07-26-18-45 [main] [org.springframework.test.context.support.AnnotationConfigContextLoaderUtils] [INFO] - Could not detect default configuration classes for test class [com.uat.automation.testcase.analytics.common.HomePageTest]: HomePageTest does not declare any static, non-private, non-final, nested classes annotated with @Configuration.
  2018-07-26-18-45 [main] [org.springframework.boot.test.context.SpringBootTestContextBootstrapper] [INFO] - Found @SpringBootConfiguration com.uat.automation.AutomationApplication for test class com.uat.automation.testcase.analytics.common.HomePageTest
  2018-07-26-18-45 [main] [org.springframework.boot.test.context.SpringBootTestContextBootstrapper] [INFO] - Using TestExecutionListeners: [org.springframework.test.context.support.DirtiesContextBeforeModesTestExecutionListener@62379589, org.springframework.test.context.support.DependencyInjectionTestExecutionListener@4afcd809, org.springframework.test.context.support.DirtiesContextTestExecutionListener@175c2241]
  2018-07-26-18-45 [main] [com.uat.automation.testcase.analytics.common.HomePageTest] [INFO] - Starting HomePageTest on DESKTOP-94LVFNN with PID 12076 (F:\workspace\automation\target\test-classes started by pc in F:\workspace\automation)
  2018-07-26-18-45 [main] [com.uat.automation.testcase.analytics.common.HomePageTest] [INFO] - No active profile set, falling back to default profiles: default
  2018-07-26-18-45 [main] [org.springframework.context.annotation.AnnotationConfigApplicationContext] [INFO] - Refreshing org.springframework.context.annotation.AnnotationConfigApplicationContext@350aac89: startup date [Thu Jul 26 18:45:20 CST 2018]; root of context hierarchy
  2018-07-26-18-45 [main] [com.uat.automation.testcase.analytics.common.HomePageTest] [INFO] - Started HomePageTest in 1.924 seconds (JVM running for 4.743)
  2018-07-26-18-45 [main] [com.uat.automation.testcase.TestBase] [INFO] - 初始化浏览器
  2018-07-26-18-45 [main] [com.uat.automation.testcase.TestBase] [INFO] - 启动chrome浏览器
  2018-07-26-18-46 [main] [com.uat.automation.business.LoginBusiness] [INFO] - wangqiang@google.com,welcome to PatSnap
  2018-07-26-18-46 [main] [com.uat.automation.business.HomeBusiness] [INFO] - click learn video
  2018-07-26-18-46 [main] [com.uat.automation.business.HomeBusiness] [INFO] - search patent by pn：US5686838
  2018-07-26-18-46 [Thread-2] [org.springframework.context.annotation.AnnotationConfigApplicationContext] [INFO] - Closing org.springframework.context.annotation.AnnotationConfigApplicationContext@350aac89: startup date [Thu Jul 26 18:45:20 CST 2018]; root of context hierarchy
  2018-07-26-18-47 [main] [org.springframework.boot.test.context.SpringBootTestContextBootstrapper] [INFO] - Neither @ContextConfiguration nor @ContextHierarchy found for test class [com.uat.automation.testcase.analytics.common.HomePageTest], using SpringBootContextLoader
  2018-07-26-18-47 [main] [org.springframework.test.context.support.AbstractContextLoader] [INFO] - Could not detect default resource locations for test class [com.uat.automation.testcase.analytics.common.HomePageTest]: no resource found for suffixes {-context.xml, Context.groovy}.
  2018-07-26-18-47 [main] [org.springframework.test.context.support.AnnotationConfigContextLoaderUtils] [INFO] - Could not detect default configuration classes for test class [com.uat.automation.testcase.analytics.common.HomePageTest]: HomePageTest does not declare any static, non-private, non-final, nested classes annotated with @Configuration.
  2018-07-26-18-47 [main] [org.springframework.boot.test.context.SpringBootTestContextBootstrapper] [INFO] - Found @SpringBootConfiguration com.uat.automation.AutomationApplication for test class com.uat.automation.testcase.analytics.common.HomePageTest
  2018-07-26-18-47 [main] [org.springframework.boot.test.context.SpringBootTestContextBootstrapper] [INFO] - Using TestExecutionListeners: [org.springframework.test.context.support.DirtiesContextBeforeModesTestExecutionListener@45312be2, org.springframework.test.context.support.DependencyInjectionTestExecutionListener@7fb95505, org.springframework.test.context.support.DirtiesContextTestExecutionListener@58be6e8]
  2018-07-26-18-47 [main] [com.uat.automation.testcase.analytics.common.HomePageTest] [INFO] - Starting HomePageTest on DESKTOP-94LVFNN with PID 8740 (F:\workspace\automation\target\test-classes started by pc in F:\workspace\automation)
  2018-07-26-18-47 [main] [com.uat.automation.testcase.analytics.common.HomePageTest] [INFO] - No active profile set, falling back to default profiles: default
  2018-07-26-18-47 [main] [org.springframework.context.annotation.AnnotationConfigApplicationContext] [INFO] - Refreshing org.springframework.context.annotation.AnnotationConfigApplicationContext@277f7dd3: startup date [Thu Jul 26 18:47:15 CST 2018]; root of context hierarchy
  2018-07-26-18-47 [main] [com.uat.automation.testcase.analytics.common.HomePageTest] [INFO] - Started HomePageTest in 2.388 seconds (JVM running for 6.003)
  2018-07-26-18-47 [main] [com.uat.automation.testcase.TestBase] [INFO] - 初始化浏览器
  2018-07-26-18-47 [main] [com.uat.automation.testcase.TestBase] [INFO] - 启动chrome浏览器
  2018-07-26-18-47 [main] [com.uat.automation.business.LoginBusiness] [INFO] - wangqiang@google.com,welcome to PatSnap
  2018-07-26-18-50 [main] [com.uat.automation.business.HomeBusiness] [INFO] - click learn video
  2018-07-26-18-51 [main] [org.springframework.boot.test.context.SpringBootTestContextBootstrapper] [INFO] - Neither @ContextConfiguration nor @ContextHierarchy found for test class [com.uat.automation.testcase.analytics.common.HomePageTest], using SpringBootContextLoader
  2018-07-26-18-51 [main] [org.springframework.test.context.support.AbstractContextLoader] [INFO] - Could not detect default resource locations for test class [com.uat.automation.testcase.analytics.common.HomePageTest]: no resource found for suffixes {-context.xml, Context.groovy}.
  2018-07-26-18-51 [main] [org.springframework.test.context.support.AnnotationConfigContextLoaderUtils] [INFO] - Could not detect default configuration classes for test class [com.uat.automation.testcase.analytics.common.HomePageTest]: HomePageTest does not declare any static, non-private, non-final, nested classes annotated with @Configuration.
  2018-07-26-18-51 [main] [org.springframework.boot.test.context.SpringBootTestContextBootstrapper] [INFO] - Found @SpringBootConfiguration com.uat.automation.AutomationApplication for test class com.uat.automation.testcase.analytics.common.HomePageTest
  2018-07-26-18-51 [main] [org.springframework.boot.test.context.SpringBootTestContextBootstrapper] [INFO] - Using TestExecutionListeners: [org.springframework.test.context.support.DirtiesContextBeforeModesTestExecutionListener@45312be2, org.springframework.test.context.support.DependencyInjectionTestExecutionListener@7fb95505, org.springframework.test.context.support.DirtiesContextTestExecutionListener@58be6e8]
  2018-07-26-18-51 [main] [com.uat.automation.testcase.analytics.common.HomePageTest] [INFO] - Starting HomePageTest on DESKTOP-94LVFNN with PID 10924 (F:\workspace\automation\target\test-classes started by pc in F:\workspace\automation)
  2018-07-26-18-51 [main] [com.uat.automation.testcase.analytics.common.HomePageTest] [INFO] - No active profile set, falling back to default profiles: default
  2018-07-26-18-51 [main] [org.springframework.context.annotation.AnnotationConfigApplicationContext] [INFO] - Refreshing org.springframework.context.annotation.AnnotationConfigApplicationContext@277f7dd3: startup date [Thu Jul 26 18:51:34 CST 2018]; root of context hierarchy
  2018-07-26-18-51 [main] [com.uat.automation.testcase.analytics.common.HomePageTest] [INFO] - Started HomePageTest in 2.324 seconds (JVM running for 6.482)
  2018-07-26-18-51 [main] [com.uat.automation.testcase.TestBase] [INFO] - 初始化浏览器
  2018-07-26-18-51 [main] [com.uat.automation.testcase.TestBase] [INFO] - 启动chrome浏览器
  2018-07-26-18-52 [main] [com.uat.automation.business.LoginBusiness] [INFO] - wangqiang@google.com,welcome to PatSnap
  2018-07-26-18-52 [main] [com.uat.automation.business.HomeBusiness] [INFO] - click learn video
  2018-07-26-18-53 [main] [com.uat.automation.business.HomeBusiness] [INFO] - search patent by pn：US5686838
  2018-07-26-18-53 [Thread-2] [org.springframework.context.annotation.AnnotationConfigApplicationContext] [INFO] - Closing org.springframework.context.annotation.AnnotationConfigApplicationContext@277f7dd3: startup date [Thu Jul 26 18:51:34 CST 2018]; root of context hierarchy
  